<?xml version="1.0" encoding="UTF-8"?>
<testng-results skipped="0" failed="0" total="1" passed="1">
  <reporter-output>
  </reporter-output>
  <suite name="Command line suite" duration-ms="36" started-at="2017-09-30T23:11:16Z" finished-at="2017-09-30T23:11:16Z">
    <groups>
    </groups>
    <test name="Command line test" duration-ms="36" started-at="2017-09-30T23:11:16Z" finished-at="2017-09-30T23:11:16Z">
      <class name="RScomponent.RS.AppTest">
        <test-method status="PASS" signature="testApp()" name="testApp" duration-ms="7" started-at="2017-09-30T23:11:16Z" finished-at="2017-09-30T23:11:16Z">
        </test-method>
      </class>
    </test>
  </suite>
</testng-results>
